<?xml version="1.0"?>
<testsuites>
  <testsuite name="Chrome 41.0.2272 (Windows 7)" package="" timestamp="2015-04-05T09:41:36" id="0" hostname="ashwin-PC">
    <properties>
      <property name="browser.fullName" value="Mozilla/5.0 (Windows NT 6.1) AppleWebKit/537.36 (KHTML, like Gecko) Chrome/41.0.2272.118 Safari/537.36"/>
    </properties>
  </testsuite>
  <testsuite name="Chrome 41.0.2272 (Windows 7)" package="" timestamp="2015-04-05T09:41:36" id="0" hostname="ashwin-PC" tests="17" errors="0" failures="0" time="7.005">
    <properties>
      <property name="browser.fullName" value="Mozilla/5.0 (Windows NT 6.1) AppleWebKit/537.36 (KHTML, like Gecko) Chrome/41.0.2272.118 Safari/537.36"/>
    </properties>
    <testcase name="can handle multiple play calls" time="7.005" classname="Chrome 41.0.2272 (Windows 7)."/>
    <system-out><![CDATA[
]]></system-out>
    <system-err/>
  </testsuite>
</testsuites>
