<?xml version="1.0"?>
<testsuites>
  <testsuite name="Chrome 41.0.2272 (Windows 7)" package="" timestamp="2015-04-05T09:51:22" id="0" hostname="ashwin-PC" tests="0" errors="1" failures="0" time="0">
    <properties>
      <property name="browser.fullName" value="Mozilla/5.0 (Windows NT 6.1) AppleWebKit/537.36 (KHTML, like Gecko) Chrome/41.0.2272.118 Safari/537.36"/>
    </properties>
    <system-out><![CDATA[
]]></system-out>
    <system-err/>
  </testsuite>
</testsuites>
